# JRE version: Java(TM) SE Runtime Environment (8.0_201-b09) (build 1.8.0_201-b09)
# Java VM: Java HotSpot(TM) 64-Bit Server VM (25.201-b09 mixed mode windows-amd64 compressed oops)
Heap:
 PSYoungGen      total 631296K, used 261216K [0x00000000d5580000, 0x0000000100000000, 0x0000000100000000)
  eden space 563712K, 46% used [0x00000000d5580000,0x00000000e5498010,0x00000000f7c00000)
  from space 67584K, 0% used [0x00000000f7c00000,0x00000000f7c00000,0x00000000fbe00000)
  to   space 67584K, 74% used [0x00000000fbe00000,0x00000000fef17630,0x0000000100000000)
 ParOldGen       total 652288K, used 379888K [0x0000000080000000, 0x00000000a7d00000, 0x00000000d5580000)
  object space 652288K, 58% used [0x0000000080000000,0x00000000972fc160,0x00000000a7d00000)
 Metaspace       used 41542K, capacity 41851K, committed 42328K, reserved 1087488K
  class space    used 3790K, capacity 3878K, committed 3968K, reserved 1048576K
GC Heap History (10 events):
Event: 11.928 GC heap before
{Heap before GC invocations=22 (full 3):
 PSYoungGen      total 645120K, used 618496K [0x00000000d5580000, 0x0000000100000000, 0x0000000100000000)
  eden space 596480K, 100% used [0x00000000d5580000,0x00000000f9c00000,0x00000000f9c00000)
  from space 48640K, 45% used [0x00000000fd080000,0x00000000fe600000,0x0000000100000000)
  to   space 51200K, 0% used [0x00000000f9c00000,0x00000000f9c00000,0x00000000fce00000)
 ParOldGen       total 376320K, used 258385K [0x0000000080000000, 0x0000000096f80000, 0x00000000d5580000)
  object space 376320K, 68% used [0x0000000080000000,0x000000008fc545f0,0x0000000096f80000)
 Metaspace       used 35801K, capacity 36081K, committed 36440K, reserved 1083392K
  class space    used 3292K, capacity 3366K, committed 3456K, reserved 1048576K
Event: 11.961 GC heap after
Heap after GC invocations=22 (full 3):
 PSYoungGen      total 640512K, used 43744K [0x00000000d5580000, 0x0000000100000000, 0x0000000100000000)
  eden space 596480K, 0% used [0x00000000d5580000,0x00000000d5580000,0x00000000f9c00000)
  from space 44032K, 99% used [0x00000000f9c00000,0x00000000fc6b8000,0x00000000fc700000)
  to   space 55296K, 0% used [0x00000000fca00000,0x00000000fca00000,0x0000000100000000)
 ParOldGen       total 376320K, used 258385K [0x0000000080000000, 0x0000000096f80000, 0x00000000d5580000)
  object space 376320K, 68% used [0x0000000080000000,0x000000008fc545f0,0x0000000096f80000)
 Metaspace       used 35801K, capacity 36081K, committed 36440K, reserved 1083392K
  class space    used 3292K, capacity 3366K, committed 3456K, reserved 1048576K
}
Event: 12.415 GC heap before
{Heap before GC invocations=23 (full 3):
 PSYoungGen      total 640512K, used 640224K [0x00000000d5580000, 0x0000000100000000, 0x0000000100000000)
  eden space 596480K, 100% used [0x00000000d5580000,0x00000000f9c00000,0x00000000f9c00000)
  from space 44032K, 99% used [0x00000000f9c00000,0x00000000fc6b8000,0x00000000fc700000)
  to   space 55296K, 0% used [0x00000000fca00000,0x00000000fca00000,0x0000000100000000)
 ParOldGen       total 376320K, used 258385K [0x0000000080000000, 0x0000000096f80000, 0x00000000d5580000)
  object space 376320K, 68% used [0x0000000080000000,0x000000008fc545f0,0x0000000096f80000)
 Metaspace       used 35865K, capacity 36145K, committed 36440K, reserved 1083392K
  class space    used 3299K, capacity 3366K, committed 3456K, reserved 1048576K
Event: 12.470 GC heap after
Heap after GC invocations=23 (full 3):
 PSYoungGen      total 619008K, used 55278K [0x00000000d5580000, 0x0000000100000000, 0x0000000100000000)
  eden space 563712K, 0% used [0x00000000d5580000,0x00000000d5580000,0x00000000f7c00000)
  from space 55296K, 99% used [0x00000000fca00000,0x00000000ffffbaf8,0x0000000100000000)
  to   space 67584K, 0% used [0x00000000f7c00000,0x00000000f7c00000,0x00000000fbe00000)
 ParOldGen       total 376320K, used 271549K [0x0000000080000000, 0x0000000096f80000, 0x00000000d5580000)
  object space 376320K, 72% used [0x0000000080000000,0x000000009092f7c0,0x0000000096f80000)
 Metaspace       used 35865K, capacity 36145K, committed 36440K, reserved 1083392K
  class space    used 3299K, capacity 3366K, committed 3456K, reserved 1048576K
}
Event: 13.023 GC heap before
{Heap before GC invocations=24 (full 3):
 PSYoungGen      total 619008K, used 618990K [0x00000000d5580000, 0x0000000100000000, 0x0000000100000000)
  eden space 563712K, 100% used [0x00000000d5580000,0x00000000f7c00000,0x00000000f7c00000)
  from space 55296K, 99% used [0x00000000fca00000,0x00000000ffffbaf8,0x0000000100000000)
  to   space 67584K, 0% used [0x00000000f7c00000,0x00000000f7c00000,0x00000000fbe00000)
 ParOldGen       total 376320K, used 271549K [0x0000000080000000, 0x0000000096f80000, 0x00000000d5580000)
  object space 376320K, 72% used [0x0000000080000000,0x000000009092f7c0,0x0000000096f80000)
 Metaspace       used 35920K, capacity 36145K, committed 36440K, reserved 1083392K
  class space    used 3300K, capacity 3366K, committed 3456K, reserved 1048576K
Event: 13.123 GC heap after
Heap after GC invocations=24 (full 3):
 PSYoungGen      total 631296K, used 67571K [0x00000000d5580000, 0x0000000100000000, 0x0000000100000000)
  eden space 563712K, 0% used [0x00000000d5580000,0x00000000d5580000,0x00000000f7c00000)
  from space 67584K, 99% used [0x00000000f7c00000,0x00000000fbdfcfc8,0x00000000fbe00000)
  to   space 67584K, 0% used [0x00000000fbe00000,0x00000000fbe00000,0x0000000100000000)
 ParOldGen       total 376320K, used 311629K [0x0000000080000000, 0x0000000096f80000, 0x00000000d5580000)
  object space 376320K, 82% used [0x0000000080000000,0x00000000930537e0,0x0000000096f80000)
 Metaspace       used 35920K, capacity 36145K, committed 36440K, reserved 1083392K
  class space    used 3300K, capacity 3366K, committed 3456K, reserved 1048576K
}
Event: 13.512 GC heap before
{Heap before GC invocations=25 (full 3):
 PSYoungGen      total 631296K, used 631283K [0x00000000d5580000, 0x0000000100000000, 0x0000000100000000)
  eden space 563712K, 100% used [0x00000000d5580000,0x00000000f7c00000,0x00000000f7c00000)
  from space 67584K, 99% used [0x00000000f7c00000,0x00000000fbdfcfc8,0x00000000fbe00000)
  to   space 67584K, 0% used [0x00000000fbe00000,0x00000000fbe00000,0x0000000100000000)
 ParOldGen       total 376320K, used 311629K [0x0000000080000000, 0x0000000096f80000, 0x00000000d5580000)
  object space 376320K, 82% used [0x0000000080000000,0x00000000930537e0,0x0000000096f80000)
 Metaspace       used 35920K, capacity 36145K, committed 36440K, reserved 1083392K
  class space    used 3300K, capacity 3366K, committed 3456K, reserved 1048576K
Event: 13.758 GC heap after
Heap after GC invocations=25 (full 3):
 PSYoungGen      total 631296K, used 631283K [0x00000000d5580000, 0x0000000100000000, 0x0000000100000000)
  eden space 563712K, 100% used [0x00000000d5580000,0x00000000f7c00000,0x00000000f7c00000)
  from space 67584K, 99% used [0x00000000f7c00000,0x00000000fbdfcfc8,0x00000000fbe00000)
  to   space 67584K, 81% used [0x00000000fbe00000,0x00000000ff3be370,0x0000000100000000)
 ParOldGen       total 379904K, used 379483K [0x0000000080000000, 0x0000000097300000, 0x00000000d5580000)
  object space 379904K, 99% used [0x0000000080000000,0x0000000097296e40,0x0000000097300000)
 Metaspace       used 35920K, capacity 36145K, committed 36440K, reserved 1083392K
  class space    used 3300K, capacity 3366K, committed 3456K, reserved 1048576K
}
Event: 13.758 GC heap before
{Heap before GC invocations=26 (full 4):
 PSYoungGen      total 631296K, used 631283K [0x00000000d5580000, 0x0000000100000000, 0x0000000100000000)
  eden space 563712K, 100% used [0x00000000d5580000,0x00000000f7c00000,0x00000000f7c00000)
  from space 67584K, 99% used [0x00000000f7c00000,0x00000000fbdfcfc8,0x00000000fbe00000)
  to   space 67584K, 81% used [0x00000000fbe00000,0x00000000ff3be370,0x0000000100000000)
 ParOldGen       total 379904K, used 379483K [0x0000000080000000, 0x0000000097300000, 0x00000000d5580000)
  object space 379904K, 99% used [0x0000000080000000,0x0000000097296e40,0x0000000097300000)
 Metaspace       used 35920K, capacity 36145K, committed 36440K, reserved 1083392K
  class space    used 3300K, capacity 3366K, committed 3456K, reserved 1048576K
Event: 15.035 GC heap after
Heap after GC invocations=26 (full 4):
 PSYoungGen      total 631296K, used 0K [0x00000000d5580000, 0x0000000100000000, 0x0000000100000000)
  eden space 563712K, 0% used [0x00000000d5580000,0x00000000d5580000,0x00000000f7c00000)
  from space 67584K, 0% used [0x00000000f7c00000,0x00000000f7c00000,0x00000000fbe00000)
  to   space 67584K, 74% used [0x00000000fbe00000,0x00000000fef17630,0x0000000100000000)
 ParOldGen       total 652288K, used 379888K [0x0000000080000000, 0x00000000a7d00000, 0x00000000d5580000)
  object space 652288K, 58% used [0x0000000080000000,0x00000000972fc160,0x00000000a7d00000)
 Metaspace       used 35920K, capacity 36145K, committed 36440K, reserved 1083392K
  class space    used 3300K, capacity 3366K, committed 3456K, reserved 1048576K
}

